<?xml version="1.0" encoding="UTF-8"?>
<!-- Generated by org.testng.reporters.JUnitXMLReporter -->
<testsuite hostname="Comets-MBP.attlocal.net" ignored="0" name="Default test" tests="3" failures="0" timestamp="12 Feb 2023 02:46:00 GMT" time="23.13" errors="0">
  <testcase name="userShouldBeAbleToAddUniqueCategoryName" time="10.762" classname="tests.AutomationPracticalTestsTestNG"/>
  <testcase name="userShouldBeUnableToAddDupicateCategoryName" time="6.304" classname="tests.AutomationPracticalTestsTestNG"/>
  <testcase name="validateMonthsDropDown" time="0.174" classname="tests.AutomationPracticalTestsTestNG"/>
</testsuite> <!-- Default test -->
