<?xml version="1.0" encoding="UTF-8"?>
<testng-results skipped="0" failed="0" ignored="0" total="3" passed="3">
  <reporter-output>
  </reporter-output>
  <suite name="Default suite" duration-ms="23130" started-at="2023-02-12T02:45:37Z" finished-at="2023-02-12T02:46:00Z">
    <groups>
    </groups>
    <test name="Default test" duration-ms="23130" started-at="2023-02-12T02:45:37Z" finished-at="2023-02-12T02:46:00Z">
      <class name="tests.AutomationPracticalTestsTestNG">
        <test-method status="PASS" signature="setUp()[pri:0, instance:tests.AutomationPracticalTestsTestNG@57d5872c]" name="setUp" is-config="true" duration-ms="2121" started-at="2023-02-12T02:45:37Z" finished-at="2023-02-12T02:45:39Z">
          <reporter-output>
          </reporter-output>
        </test-method> <!-- setUp -->
        <test-method status="PASS" signature="userShouldBeAbleToAddUniqueCategoryName()[pri:1, instance:tests.AutomationPracticalTestsTestNG@57d5872c]" name="userShouldBeAbleToAddUniqueCategoryName" duration-ms="10762" started-at="2023-02-12T02:45:39Z" finished-at="2023-02-12T02:45:50Z">
          <reporter-output>
          </reporter-output>
        </test-method> <!-- userShouldBeAbleToAddUniqueCategoryName -->
        <test-method status="PASS" signature="tearDown()[pri:0, instance:tests.AutomationPracticalTestsTestNG@57d5872c]" name="tearDown" is-config="true" duration-ms="169" started-at="2023-02-12T02:45:50Z" finished-at="2023-02-12T02:45:50Z">
          <reporter-output>
          </reporter-output>
        </test-method> <!-- tearDown -->
        <test-method status="PASS" signature="setUp()[pri:0, instance:tests.AutomationPracticalTestsTestNG@57d5872c]" name="setUp" is-config="true" duration-ms="1654" started-at="2023-02-12T02:45:50Z" finished-at="2023-02-12T02:45:52Z">
          <reporter-output>
          </reporter-output>
        </test-method> <!-- setUp -->
        <test-method status="PASS" signature="userShouldBeUnableToAddDupicateCategoryName()[pri:2, instance:tests.AutomationPracticalTestsTestNG@57d5872c]" name="userShouldBeUnableToAddDupicateCategoryName" duration-ms="6304" started-at="2023-02-12T02:45:52Z" finished-at="2023-02-12T02:45:58Z">
          <reporter-output>
          </reporter-output>
        </test-method> <!-- userShouldBeUnableToAddDupicateCategoryName -->
        <test-method status="PASS" signature="tearDown()[pri:0, instance:tests.AutomationPracticalTestsTestNG@57d5872c]" name="tearDown" is-config="true" duration-ms="107" started-at="2023-02-12T02:45:58Z" finished-at="2023-02-12T02:45:58Z">
          <reporter-output>
          </reporter-output>
        </test-method> <!-- tearDown -->
        <test-method status="PASS" signature="setUp()[pri:0, instance:tests.AutomationPracticalTestsTestNG@57d5872c]" name="setUp" is-config="true" duration-ms="1660" started-at="2023-02-12T02:45:58Z" finished-at="2023-02-12T02:46:00Z">
          <reporter-output>
          </reporter-output>
        </test-method> <!-- setUp -->
        <test-method status="PASS" signature="validateMonthsDropDown()[pri:3, instance:tests.AutomationPracticalTestsTestNG@57d5872c]" name="validateMonthsDropDown" duration-ms="174" started-at="2023-02-12T02:46:00Z" finished-at="2023-02-12T02:46:00Z">
          <reporter-output>
          </reporter-output>
        </test-method> <!-- validateMonthsDropDown -->
        <test-method status="PASS" signature="tearDown()[pri:0, instance:tests.AutomationPracticalTestsTestNG@57d5872c]" name="tearDown" is-config="true" duration-ms="158" started-at="2023-02-12T02:46:00Z" finished-at="2023-02-12T02:46:00Z">
          <reporter-output>
          </reporter-output>
        </test-method> <!-- tearDown -->
      </class> <!-- tests.AutomationPracticalTestsTestNG -->
    </test> <!-- Default test -->
  </suite> <!-- Default suite -->
</testng-results>
